<?xml version="1.0" encoding="UTF-8"?>
<!-- Generated by org.testng.reporters.JUnitReportReporter -->
<testsuite hostname="DESKTOP-4O6QNOC" failures="0" tests="1" name="com.simpletest.ReqResTrial" time="2.530" errors="0" timestamp="2022-10-15T21:54:08 CDT" skipped="0">
  <testcase classname="com.simpletest.ReqResTrial" name="create_user" time="2.530"/>
  <system-out/>
</testsuite> <!-- com.simpletest.ReqResTrial -->
