<?xml version="1.0" encoding="UTF-8"?>
<!-- Generated by org.testng.reporters.JUnitReportReporter -->
<testsuite hostname="DESKTOP-4O6QNOC" failures="0" tests="1" name="com.simpletest.SimpleCRUD" time="2.939" errors="0" timestamp="2022-10-13T10:00:40 CDT" skipped="0">
  <testcase classname="com.simpletest.SimpleCRUD" name="firstTest" time="2.939"/>
  <system-out/>
</testsuite> <!-- com.simpletest.SimpleCRUD -->
