<?xml version="1.0" encoding="UTF-8"?>
<!-- Generated by org.testng.reporters.JUnitReportReporter -->
<testsuite hostname="DESKTOP-4O6QNOC" failures="0" tests="1" name="com.simpletest.AssgnmentWebServices" time="3.095" errors="0" timestamp="2022-10-15T15:01:23 CDT" skipped="0">
  <testcase classname="com.simpletest.AssgnmentWebServices" name="assignment" time="3.095"/>
  <system-out/>
</testsuite> <!-- com.simpletest.AssgnmentWebServices -->
